{
  "RSpec": {
    "coverage": {
      "/Users/apprentice/quick_project/app/controllers/application_controller.rb": [
        1,
        1,
        null
      ],
      "/Users/apprentice/quick_project/app/helpers/application_helper.rb": [
        1,
        null
      ],
      "/Users/apprentice/quick_project/app/models/puzzle.rb": [
        1,
        1,
        null
      ]
    },
    "timestamp": 1378121130
  },
  "Cucumber Features": {
    "coverage": {
      "C:/Users/Mark/Desktop/quick_project/app/controllers/application_controller.rb": [
        1,
        1,
        null
      ],
      "C:/Users/Mark/Desktop/quick_project/app/helpers/application_helper.rb": [
        1,
        null
      ]
    },
    "timestamp": 1378064625
  }
}
